[21:00:43] [main/INFO] [LaunchWrapper]: Loading tweak class name net.minecraftforge.fml.common.launcher.FMLTweaker
[21:00:43] [main/INFO] [LaunchWrapper]: Using primary tweak class name net.minecraftforge.fml.common.launcher.FMLTweaker
[21:00:43] [main/INFO] [LaunchWrapper]: Calling tweak class net.minecraftforge.fml.common.launcher.FMLTweaker
[21:00:43] [main/INFO] [FML]: Forge Mod Loader version 14.23.5.2854 for Minecraft 1.12.2 loading
[21:00:43] [main/INFO] [FML]: Java is Java HotSpot(TM) 64-Bit Server VM, version 1.8.0_251, running on Windows 10:amd64:10.0, installed at C:\Program Files\Java\jdk1.8.0_251\jre
[21:00:43] [main/ERROR] [FML]: Apache Maven library folder was not in the format expected. Using default libraries directory.
[21:00:43] [main/ERROR] [FML]: Full: C:\Users\Nya\.gradle\caches\modules-2\files-2.1\org.apache.maven\maven-artifact\3.5.3\7dc72b6d6d8a6dced3d294ed54c2cc3515ade9f4\maven-artifact-3.5.3.jar
[21:00:43] [main/ERROR] [FML]: Trimmed: c:/users/nya/.gradle/caches/modules-2/files-2.1/org.apache.maven/maven-artifact/3.5.3/
[21:00:44] [main/INFO] [FML]: Managed to load a deobfuscated Minecraft name- we are in a deobfuscated environment. Skipping runtime deobfuscation
[21:00:44] [main/INFO] [FML]: Detected deobfuscated environment, loading log configs for colored console logs.
[21:00:45] [main/INFO] [FML]: Ignoring missing certificate for coremod FMLCorePlugin (net.minecraftforge.fml.relauncher.FMLCorePlugin), we are in deobf and it's a forge core plugin
[21:00:45] [main/INFO] [FML]: Ignoring missing certificate for coremod FMLForgePlugin (net.minecraftforge.classloading.FMLForgePlugin), we are in deobf and it's a forge core plugin
[21:00:45] [main/INFO] [FML]: Searching C:\Users\Nya\Desktop\chatmod\run\.\mods for mods
[21:00:45] [main/INFO] [LaunchWrapper]: Loading tweak class name net.minecraftforge.fml.common.launcher.FMLInjectionAndSortingTweaker
[21:00:45] [main/INFO] [LaunchWrapper]: Loading tweak class name net.minecraftforge.fml.common.launcher.FMLDeobfTweaker
[21:00:45] [main/INFO] [LaunchWrapper]: Calling tweak class net.minecraftforge.fml.common.launcher.FMLInjectionAndSortingTweaker
[21:00:45] [main/INFO] [LaunchWrapper]: Calling tweak class net.minecraftforge.fml.common.launcher.FMLInjectionAndSortingTweaker
[21:00:45] [main/INFO] [LaunchWrapper]: Calling tweak class net.minecraftforge.fml.relauncher.CoreModManager$FMLPluginWrapper
[21:00:50] [main/ERROR] [FML]: FML appears to be missing any signature data. This is not a good thing
[21:00:50] [main/INFO] [LaunchWrapper]: Calling tweak class net.minecraftforge.fml.relauncher.CoreModManager$FMLPluginWrapper
[21:00:50] [main/INFO] [LaunchWrapper]: Calling tweak class net.minecraftforge.fml.common.launcher.FMLDeobfTweaker
[21:00:51] [main/INFO] [LaunchWrapper]: Loading tweak class name net.minecraftforge.fml.common.launcher.TerminalTweaker
[21:00:51] [main/INFO] [LaunchWrapper]: Calling tweak class net.minecraftforge.fml.common.launcher.TerminalTweaker
[21:00:51] [main/INFO] [LaunchWrapper]: Launching wrapped minecraft {net.minecraft.client.main.Main}
[21:00:53] [Client thread/INFO] [net.minecraft.client.Minecraft]: Setting user: Player83
[21:00:59] [Client thread/INFO] [net.minecraft.client.Minecraft]: LWJGL Version: 2.9.4
[21:00:59] [Client thread/INFO] [STDOUT]: [net.minecraft.init.Bootstrap:printToSYSOUT:553]: ---- Minecraft Crash Report ----
// Daisy, daisy...

Time: 9/12/20 9:00 PM
Description: Initializing game

java.lang.NoSuchMethodError: java.nio.ByteBuffer.flip()Ljava/nio/ByteBuffer;
	at net.minecraft.client.Minecraft.readImageToBuffer(Minecraft.java:841)
	at net.minecraft.client.Minecraft.setWindowIcon(Minecraft.java:680)
	at net.minecraft.client.Minecraft.init(Minecraft.java:456)
	at net.minecraft.client.Minecraft.run(Minecraft.java:378)
	at net.minecraft.client.main.Main.main(Main.java:118)
	at sun.reflect.NativeMethodAccessorImpl.invoke0(Native Method)
	at sun.reflect.NativeMethodAccessorImpl.invoke(NativeMethodAccessorImpl.java:62)
	at sun.reflect.DelegatingMethodAccessorImpl.invoke(DelegatingMethodAccessorImpl.java:43)
	at java.lang.reflect.Method.invoke(Method.java:498)
	at net.minecraft.launchwrapper.Launch.launch(Launch.java:135)
	at net.minecraft.launchwrapper.Launch.main(Launch.java:28)
	at sun.reflect.NativeMethodAccessorImpl.invoke0(Native Method)
	at sun.reflect.NativeMethodAccessorImpl.invoke(NativeMethodAccessorImpl.java:62)
	at sun.reflect.DelegatingMethodAccessorImpl.invoke(DelegatingMethodAccessorImpl.java:43)
	at java.lang.reflect.Method.invoke(Method.java:498)
	at net.minecraftforge.legacydev.Main.start(Main.java:86)
	at net.minecraftforge.legacydev.MainClient.main(MainClient.java:29)


A detailed walkthrough of the error, its code path and all known details is as follows:
---------------------------------------------------------------------------------------

-- Head --
Thread: Client thread
Stacktrace:
	at net.minecraft.client.Minecraft.readImageToBuffer(Minecraft.java:841)
	at net.minecraft.client.Minecraft.setWindowIcon(Minecraft.java:680)
	at net.minecraft.client.Minecraft.init(Minecraft.java:456)

-- Initialization --
Details:
Stacktrace:
	at net.minecraft.client.Minecraft.run(Minecraft.java:378)
	at net.minecraft.client.main.Main.main(Main.java:118)
	at sun.reflect.NativeMethodAccessorImpl.invoke0(Native Method)
	at sun.reflect.NativeMethodAccessorImpl.invoke(NativeMethodAccessorImpl.java:62)
	at sun.reflect.DelegatingMethodAccessorImpl.invoke(DelegatingMethodAccessorImpl.java:43)
	at java.lang.reflect.Method.invoke(Method.java:498)
	at net.minecraft.launchwrapper.Launch.launch(Launch.java:135)
	at net.minecraft.launchwrapper.Launch.main(Launch.java:28)
	at sun.reflect.NativeMethodAccessorImpl.invoke0(Native Method)
	at sun.reflect.NativeMethodAccessorImpl.invoke(NativeMethodAccessorImpl.java:62)
	at sun.reflect.DelegatingMethodAccessorImpl.invoke(DelegatingMethodAccessorImpl.java:43)
	at java.lang.reflect.Method.invoke(Method.java:498)
	at net.minecraftforge.legacydev.Main.start(Main.java:86)
	at net.minecraftforge.legacydev.MainClient.main(MainClient.java:29)

-- System Details --
Details:
	Minecraft Version: 1.12.2
	Operating System: Windows 10 (amd64) version 10.0
	Java Version: 1.8.0_251, Oracle Corporation
	Java VM Version: Java HotSpot(TM) 64-Bit Server VM (mixed mode), Oracle Corporation
	Memory: 135021880 bytes (128 MB) / 439877632 bytes (419 MB) up to 1900019712 bytes (1812 MB)
	JVM Flags: 0 total; 
	IntCache: cache: 0, tcache: 0, allocated: 0, tallocated: 0
	FML: 
	Loaded coremods (and transformers): 
	Launched Version: 1.12.2
	LWJGL: 2.9.4
	OpenGL: ~~ERROR~~ RuntimeException: No OpenGL context found in the current thread.
	GL Caps: 
	Using VBOs: Yes
	Is Modded: Definitely; Client brand changed to 'fml,forge'
	Type: Client (map_client.txt)
	Resource Packs: 
	Current Language: ~~ERROR~~ NullPointerException: null
	Profiler Position: N/A (disabled)
	CPU: <unknown>
[21:00:59] [Client thread/INFO] [STDOUT]: [net.minecraft.init.Bootstrap:printToSYSOUT:553]: #@!@# Game crashed! Crash report saved to: #@!@# C:\Users\Nya\Desktop\chatmod\run\.\crash-reports\crash-2020-09-12_21.00.59-client.txt
